<?xml version="1.0" encoding="utf-8"?><testsuites name="pytest tests"><testsuite name="pytest" errors="0" failures="0" skipped="0" tests="10" time="4.036" timestamp="2026-06-19T16:53:02.264172+00:00" hostname="agent-env-a1adfe18-6bcd-4bf2-995d-54a4a7d900f3"><testcase classname="backend.tests.test_phase1_audit.TestWardrobeUpload" name="test_empty_image_returns_400" time="0.612" /><testcase classname="backend.tests.test_phase1_audit.TestWardrobeUpload" name="test_too_large_image_returns_413" time="0.763" /><testcase classname="backend.tests.test_phase1_audit.TestWardrobeUpload" name="test_data_uri_prefix_is_stripped_and_item_created" time="0.453" /><testcase classname="backend.tests.test_phase1_audit.TestWardrobeUpload" name="test_successful_upload_returns_wardrobe_item" time="0.496" /><testcase classname="backend.tests.test_phase1_audit.TestSignupAgeGate" name="test_adult_birthyear_succeeds" time="0.274" /><testcase classname="backend.tests.test_phase1_audit.TestSignupAgeGate" name="test_age_14_without_guardian_returns_400" time="0.051" /><testcase classname="backend.tests.test_phase1_audit.TestSignupAgeGate" name="test_age_14_with_guardian_succeeds" time="0.516" /><testcase classname="backend.tests.test_phase1_audit.TestSignupAgeGate" name="test_age_11_returns_400" time="0.053" /><testcase classname="backend.tests.test_phase1_audit.TestSignupAgeGate" name="test_no_birth_year_succeeds_backcompat" time="0.274" /><testcase classname="backend.tests.test_phase1_audit.TestProfileRegression" name="test_get_and_patch_profile" time="0.507" /></testsuite></testsuites>