<?xml version="1.0" encoding="utf-8"?><testsuites name="pytest tests"><testsuite name="pytest" errors="0" failures="0" skipped="0" tests="14" time="3.170" timestamp="2026-06-15T15:56:09.250988+00:00" hostname="agent-env-a1adfe18-6bcd-4bf2-995d-54a4a7d900f3"><testcase classname="backend.tests.test_lookup_reminders.TestContactsLookup" name="test_empty_emails_returns_empty_list" time="0.568" /><testcase classname="backend.tests.test_lookup_reminders.TestContactsLookup" name="test_lookup_requires_auth" time="0.056" /><testcase classname="backend.tests.test_lookup_reminders.TestContactsLookup" name="test_lookup_excludes_self_and_returns_friend_status_none" time="0.609" /><testcase classname="backend.tests.test_lookup_reminders.TestContactsLookup" name="test_lookup_reflects_pending_then_accepted" time="0.324" /><testcase classname="backend.tests.test_lookup_reminders.TestContactsLookup" name="test_lookup_is_case_insensitive" time="0.049" /><testcase classname="backend.tests.test_lookup_reminders.TestReminders" name="test_create_reminder_returns_done_false" time="0.338" /><testcase classname="backend.tests.test_lookup_reminders.TestReminders" name="test_create_rejects_invalid_type" time="0.054" /><testcase classname="backend.tests.test_lookup_reminders.TestReminders" name="test_list_reminders_sorted_asc" time="0.162" /><testcase classname="backend.tests.test_lookup_reminders.TestReminders" name="test_patch_mark_done" time="0.113" /><testcase classname="backend.tests.test_lookup_reminders.TestReminders" name="test_patch_update_notification_id" time="0.066" /><testcase classname="backend.tests.test_lookup_reminders.TestReminders" name="test_other_user_cannot_read_modify_delete" time="0.478" /><testcase classname="backend.tests.test_lookup_reminders.TestReminders" name="test_delete_reminder_and_verify_gone" time="0.156" /><testcase classname="backend.tests.test_lookup_reminders.TestReminders" name="test_patch_nonexistent_returns_404" time="0.052" /><testcase classname="backend.tests.test_lookup_reminders.TestReminders" name="test_reminders_requires_auth" time="0.096" /></testsuite></testsuites>