<?xml version="1.0" encoding="utf-8"?><testsuites name="pytest tests"><testsuite name="pytest" errors="0" failures="0" skipped="0" tests="6" time="1.054" timestamp="2026-06-21T04:45:09.166162+00:00" hostname="agent-env-a1adfe18-6bcd-4bf2-995d-54a4a7d900f3"><testcase classname="backend.tests.test_currency.TestCurrencyRates" name="test_rates_usd_default" time="0.207" /><testcase classname="backend.tests.test_currency.TestCurrencyRates" name="test_rates_with_base_eur" time="0.265" /><testcase classname="backend.tests.test_currency.TestCurrencyRates" name="test_rates_invalid_base" time="0.043" /><testcase classname="backend.tests.test_currency.TestProfileCurrency" name="test_patch_profile_currency_inr" time="0.375" /><testcase classname="backend.tests.test_currency.TestProfileCurrency" name="test_patch_profile_currency_invalid_short" time="0.044" /><testcase classname="backend.tests.test_currency.TestProfileCurrency" name="test_reset_profile_currency_to_usd" time="0.088" /></testsuite></testsuites>