<?xml version="1.0" encoding="utf-8"?><testsuites name="pytest tests"><testsuite name="pytest" errors="0" failures="0" skipped="0" tests="10" time="33.040" timestamp="2026-06-15T09:42:45.208328+00:00" hostname="agent-env-a1adfe18-6bcd-4bf2-995d-54a4a7d900f3"><testcase classname="tests.test_closetai_backend.TestAuth" name="test_signup_login_me_flow" time="1.162" /><testcase classname="tests.test_closetai_backend.TestWardrobe" name="test_wardrobe_crud" time="0.732" /><testcase classname="tests.test_closetai_backend.TestOutfitChat" name="test_outfit_chat_returns_session_and_recs" time="7.945" /><testcase classname="tests.test_closetai_backend.TestBrands" name="test_brands_crud" time="0.301" /><testcase classname="tests.test_closetai_backend.TestWishlist" name="test_wishlist_flow" time="13.904" /><testcase classname="tests.test_closetai_backend.TestEvents" name="test_events_flow" time="7.249" /><testcase classname="tests.test_closetai_backend.TestFriends" name="test_request_accept_access" time="0.647" /><testcase classname="tests.test_closetai_backend.TestFriendWardrobeAccess" name="test_access_levels" time="0.455" /><testcase classname="tests.test_closetai_backend.TestMessaging" name="test_messaging_requires_friendship" time="0.221" /><testcase classname="tests.test_closetai_backend.TestMessaging" name="test_messaging_blocked_when_not_friends" time="0.363" /></testsuite></testsuites>