<?xml version="1.0" encoding="utf-8"?><testsuites name="pytest tests"><testsuite name="pytest" errors="0" failures="0" skipped="0" tests="16" time="193.084" timestamp="2026-06-18T02:48:18.736219+00:00" hostname="agent-env-a1adfe18-6bcd-4bf2-995d-54a4a7d900f3"><testcase classname="backend.tests.test_iter3_auth_categories.TestForgot" name="test_unknown_email_returns_ok_no_enumeration" time="0.285" /><testcase classname="backend.tests.test_iter3_auth_categories.TestForgot" name="test_known_email_returns_ok_and_logs_otp" time="46.665" /><testcase classname="backend.tests.test_iter3_auth_categories.TestForgot" name="test_cooldown_on_immediate_resend" time="0.047" /><testcase classname="backend.tests.test_iter3_auth_categories.TestVerifyOtp" name="test_wrong_otp_returns_400_then_lockout_after_5" time="46.641" /><testcase classname="backend.tests.test_iter3_auth_categories.TestVerifyOtp" name="test_valid_otp_returns_reset_token" time="46.370" /><testcase classname="backend.tests.test_iter3_auth_categories.TestReset" name="test_full_reset_flow_and_token_single_use" time="48.140" /><testcase classname="backend.tests.test_iter3_auth_categories.TestReset" name="test_invalid_reset_token_returns_400" time="0.183" /><testcase classname="backend.tests.test_iter3_auth_categories.TestCategories" name="test_list_built_in_at_least_19" time="0.049" /><testcase classname="backend.tests.test_iter3_auth_categories.TestCategories" name="test_requires_auth" time="0.044" /><testcase classname="backend.tests.test_iter3_auth_categories.TestCategories" name="test_create_custom_and_idempotent" time="0.222" /><testcase classname="backend.tests.test_iter3_auth_categories.TestCategories" name="test_create_with_builtin_slug_returns_409" time="0.052" /><testcase classname="backend.tests.test_iter3_auth_categories.TestCategories" name="test_cannot_delete_built_in" time="0.055" /><testcase classname="backend.tests.test_iter3_auth_categories.TestCategories" name="test_delete_user_category_succeeds_and_cross_user_404" time="0.467" /><testcase classname="backend.tests.test_iter3_auth_categories.TestWardrobeCustomCategory" name="test_create_with_custom_category" time="0.282" /><testcase classname="backend.tests.test_iter3_auth_categories.TestWardrobeCustomCategory" name="test_empty_category_rejected" time="0.047" /><testcase classname="backend.tests.test_iter3_auth_categories.TestOutfitChat" name="test_outfit_chat_contract" time="3.476" /></testsuite></testsuites>