<?xml version="1.0" encoding="utf-8"?><testsuites name="pytest tests"><testsuite name="pytest" errors="0" failures="0" skipped="0" tests="19" time="0.602" timestamp="2026-06-21T03:54:25.149320+00:00" hostname="agent-env-a1adfe18-6bcd-4bf2-995d-54a4a7d900f3"><testcase classname="backend.tests.test_phase2_audit.TestUsername" name="test_signup_returns_username" time="0.230" /><testcase classname="backend.tests.test_phase2_audit.TestUsername" name="test_me_returns_username" time="0.003" /><testcase classname="backend.tests.test_phase2_audit.TestUsername" name="test_user_search_by_prefix" time="0.229" /><testcase classname="backend.tests.test_phase2_audit.TestUsername" name="test_user_search_caps_at_20" time="0.002" /><testcase classname="backend.tests.test_phase2_audit.TestUsername" name="test_patch_username_bad_pattern" time="0.002" /><testcase classname="backend.tests.test_phase2_audit.TestUsername" name="test_patch_username_valid" time="0.005" /><testcase classname="backend.tests.test_phase2_audit.TestContactMatch" name="test_register_phone_hash" time="0.002" /><testcase classname="backend.tests.test_phase2_audit.TestContactMatch" name="test_contact_match_via_phone" time="0.002" /><testcase classname="backend.tests.test_phase2_audit.TestContactMatch" name="test_contact_match_via_email" time="0.002" /><testcase classname="backend.tests.test_phase2_audit.TestFriendsV2" name="test_friend_request_via_username" time="0.003" /><testcase classname="backend.tests.test_phase2_audit.TestFriendsV2" name="test_accept_from_b" time="0.003" /><testcase classname="backend.tests.test_phase2_audit.TestFriendsV2" name="test_block_by_a" time="0.005" /><testcase classname="backend.tests.test_phase2_audit.TestFriendsV2" name="test_unblock_from_b_forbidden" time="0.002" /><testcase classname="backend.tests.test_phase2_audit.TestFriendsV2" name="test_unblock_from_a_removes_row" time="0.004" /><testcase classname="backend.tests.test_phase2_audit.TestFriendsV2" name="test_friend_request_via_email_backcompat" time="0.003" /><testcase classname="backend.tests.test_phase2_audit.TestImageMessages" name="test_send_image_only_message" time="0.005" /><testcase classname="backend.tests.test_phase2_audit.TestImageMessages" name="test_empty_message_rejected" time="0.002" /><testcase classname="backend.tests.test_phase2_audit.TestImageMessages" name="test_oversize_image_rejected" time="0.048" /><testcase classname="backend.tests.test_phase2_audit.TestImageMessages" name="test_get_messages_contains_image" time="0.003" /></testsuite></testsuites>